     1                                  # 1 "<stdin>"
     2                                  # 1 "<built-in>"
     3                                  # 1 "<command line>"
     4                                  # 1 "<stdin>"
     5                                  # 30 "<stdin>"
     6                                  # 1 "/home/thompa/scm/keffos/kernel/include/keffos/config.h" 1
     7                                  # 31 "<stdin>" 2
     8                                  # 1 "/home/thompa/scm/keffos/kernel/include/sys/asm.h" 1
     9                                  # 32 "<stdin>" 2
    10                                  
    11                                  
    12                                  
    13                                  
    14                                   bits 16
    15                                  
    16                                   SECTION .text
    17                                  
    18                                  global _main
    19                                  _main:
    20                                  
    21                                  
    22                                  
    23                                  
    24 00000000 B8C007                   mov ax, 0x07C0
    25 00000003 8ED8                     mov ds, ax
    26 00000005 B80010                   mov ax, 0x1000
    27 00000008 8EC0                     mov es, ax
    28                                  
    29 0000000A B80090                   mov ax, 0x9000
    30 0000000D 8ED0                     mov ss, ax
    31                                  
    32 0000000F 31FF                     xor di, di
    33 00000011 31F6                     xor si, si
    34 00000013 B98000                   mov cx, 0x80
    35 00000016 FC                       cld
    36 00000017 F366A5                   rep movsd
    37                                  
    38 0000001A EA[7B00]0010             jmp 0x1000:go
    39                                  
    40                                  
    41                                  
    42                                  
    43                                  
    44 0000001F 4B6566664F53526F63-     idstr db 'KeffOSRockarFett',0
    45 00000028 6B61724665747400   
    46 00000030 00                      bootdrv db 0
    47 00000031 426F6F746C6F616465-     banner db 'Bootloader 0.1'
    48 0000003A 7220302E31         
    49 0000003F 0D0A0A00                twonl db 0xD,0xA,0xA,0
    50 00000043 626F6F743E2000          prompt db 'boot> ',0
    51 0000004A 4C6F6164696E672073-     loading db 'Loading second stage loader...',0
    52 00000053 65636F6E6420737461-
    53 0000005C 6765206C6F61646572-
    54 00000065 2E2E2E00           
    55 00000069 4572726F72210D0A00      errbang db 'Error!',0xD,0xA,0
    56 00000072 20736563746F727300      sectors db ' sectors',0
    57                                  
    58                                  
    59                                  
    60                                  
    61                                  go:
    62 0000007B B80010                   mov ax, 0x1000
    63 0000007E 8ED8                     mov ds, ax
    64 00000080 8EC0                     mov es, ax
    65                                  
    66 00000082 8816[3000]               mov [bootdrv], dl
    67                                  
    68                                  
    69 00000086 B80300                   mov ax, 0x0003
    70 00000089 CD10                     int 0x10
    71 0000008B B88300                   mov ax, 0x83
    72 0000008E CD10                     int 0x10
    73 00000090 B81211                   mov ax, 0x1112
    74 00000093 B300                     mov bl, 0
    75 00000095 CD10                     int 0x10
    76                                  
    77 00000097 BD[3100]                 mov bp, banner
    78 0000009A E8C000                   call printstr
    79 0000009D BD[4300]                 mov bp, prompt
    80 000000A0 E8BA00                   call printstr
    81                                  # 137 "<stdin>"
    82 000000A3 BD[3F00]                 mov bp, twonl
    83 000000A6 E8B400                   call printstr
    84 000000A9 BD[4A00]                 mov bp, loading
    85 000000AC E8AE00                   call printstr
    86                                  
    87                                  
    88                                  
    89                                  
    90                                  loadk:
    91 000000AF 680080                   push word 0x8000
    92 000000B2 07                       pop es
    93 000000B3 BB0000                   mov bx, 0
    94                                  
    95 000000B6 B400                     mov ah, 0
    96 000000B8 8A16[3000]               mov dl, [bootdrv]
    97 000000BC CD13                     int 0x13
    98                                  
    99 000000BE B80102                   mov ax, 0x0201
   100 000000C1 31C9                     xor cx, cx
   101 000000C3 B102                     mov cl, 2
   102 000000C5 30F6                     xor dh, dh
   103 000000C7 CD13                     int 0x13
   104 000000C9 7225                     jc errorload
   105                                  
   106                                  
   107                                  
   108 000000CB B402                     mov ah, 0x02
   109 000000CD 26A00300                 mov al, [es:3]
   110 000000D1 CD13                     int 0x13
   111 000000D3 721B                     jc errorload
   112                                  
   113 000000D5 E89B00                   call kill_motor
   114                                  
   115 000000D8 26A00300                 mov al, [es:3]
   116 000000DC 0430                     add al, 0x30
   117                                  
   118 000000DE E88B00                   call printchr
   119                                  
   120 000000E1 680010                   push word 0x1000
   121 000000E4 07                       pop es
   122 000000E5 BD[7200]                 mov bp, sectors
   123 000000E8 E87200                   call printstr
   124                                  
   125 000000EB EA00000080               jmp 0x8000:0
   126                                  
   127                                  errorload:
   128 000000F0 E88000                   call kill_motor
   129 000000F3 BD[6900]                 mov bp, errbang
   130 000000F6 E86400                   call printstr
   131 000000F9 EA[7B00]0010             jmp 0x1000:go
   132                                  
   133                                  
   134                                  
   135                                  
   136                                  
   137                                  
   138                                  
   139 000000FE 31ED                    read: xor bp, bp ; zero offset in string
   140 00000100 B410                    .readloop: mov ah, 0x10
   141 00000102 CD16                                    int 0x16 ; read key from keyboard
   142                                  
   143 00000104 3C08                                    cmp al, 8 ; Backspace
   144 00000106 7539                                    jnz .check_for_enter
   145 00000108 81FD0000                                cmp bp, 0
   146 0000010C 74F2                                    je .readloop
   147 0000010E 64C6460000                              mov byte [fs:bp], 0
   148 00000113 4D                                      dec bp
   149                                  
   150 00000114 B403                                    mov ah, 0x3
   151 00000116 B700                                    mov bh, 0
   152 00000118 CD10                                    int 0x10 ; read cursor position
   153 0000011A 80FA00                    cmp dl, 0
   154 0000011D 7513                      jnz .nonewline
   155                                  
   156 0000011F B402                                    mov ah, 0x2
   157 00000121 FECE                      dec dh
   158 00000123 B24F                      mov dl, 0x4f
   159 00000125 CD10                                    int 0x10 ; set cursor position
   160 00000127 50                        push ax
   161 00000128 B020                      mov al, ' '
   162 0000012A E83F00                    call printchr
   163 0000012D 58                        pop ax
   164 0000012E CD10                      int 0x10 ; set cursor position
   165 00000130 EBCE                      jmp .readloop
   166                                  .nonewline:
   167 00000132 E83700                    call printchr
   168 00000135 B020                      mov al, ' '
   169 00000137 E83200                    call printchr
   170 0000013A B008                      mov al, 8
   171 0000013C E82D00                    call printchr
   172 0000013F EBBF                                    jmp .readloop
   173                                  .check_for_enter:
   174 00000141 3C0D                                    cmp al, 0x0D ; Enter
   175 00000143 7410                                    je .done
   176 00000145 81FD7E00                                cmp bp, 126
   177 00000149 74B5                                    je .readloop
   178                                  
   179 0000014B 64884600                                mov [fs:bp], al
   180 0000014F E81A00                                  call printchr
   181 00000152 45                                      inc bp
   182 00000153 EBAB                                    jmp .readloop
   183                                  
   184 00000155 64C6460100              .done: mov byte [fs:bp+1], 0 ; null termination
   185 0000015A 31ED                                    xor bp, bp
   186 0000015C C3                        ret
   187                                  
   188                                  
   189                                  
   190                                  
   191                                  printstr:
   192                                  .strloop:
   193 0000015D 268A4600                 mov al, [es:bp]
   194 00000161 20C0                     and al, al
   195 00000163 7406                     jz .strdone
   196 00000165 E80400                   call printchr
   197 00000168 45                       inc bp
   198 00000169 EBF2                     jmp .strloop
   199                                  .strdone:
   200 0000016B C3                       ret
   201                                  
   202                                  
   203                                  
   204                                  
   205                                  printchr:
   206 0000016C B40E                     mov ah, 0xE
   207 0000016E 31DB                     xor bx, bx
   208 00000170 CD10                     int 0x10
   209 00000172 C3                       ret
   210                                  
   211                                  
   212                                  
   213                                  
   214                                  kill_motor:
   215 00000173 52                              push dx
   216 00000174 BAF203                          mov dx, 0x3f2
   217 00000177 B000                            mov al, 0
   218                                          outb
   219 00000179 5A                              pop dx
   220 0000017A C3                              ret
   221                                  
   222 0000017B 00<rept>                filler times 510-($-$$) db 0
   223 000001FE 55AA                    boot_signature dw 0xAA55
